ONCVPSP  (Optimized Norm-Conservinng Vanderbilt PSeudopotential)
scalar-relativistic version 4.0.1 03/01/2019


While it is not required under the terms of the GNU GPL, it is
suggested that you cite D. R. Hamann, Phys. Rev. B 88, 085117 (2013)
in any publication utilizing these pseudopotentials.


# ATOM AND REFERENCE CONFIGURATION
# atsym  z   nc   nv     iexc    psfile
  Cf 98.00   14    4       4      both
#
#   n    l    f        energy (Ha)
    1    0    2.00    -4.9920788E+03
    2    0    2.00    -9.5682220E+02
    2    1    6.00    -7.7435612E+02
    3    0    2.00    -2.4651185E+02
    3    1    6.00    -1.9666391E+02
    3    2   10.00    -1.5793437E+02
    4    0    2.00    -6.5202888E+01
    4    1    6.00    -4.8984456E+01
    4    2   10.00    -3.4238227E+01
    4    3   14.00    -1.9136958E+01
    5    0    2.00    -1.4994763E+01
    5    1    6.00    -9.8357364E+00
    5    2   10.00    -4.8391093E+00
    5    3    9.00    -3.0576593E-01
    6    0    2.00    -2.2097927E+00
    6    1    6.00    -9.9618013E-01
    6    2    1.00    -6.6455370E-02
    7    0    2.00    -1.7243733E-01
#
# PSEUDOPOTENTIAL AND OPTIMIZATION
# lmax
    2
#
#   l,   rc,      ep,       ncon, nbas, qcut
    0   1.70000   0.00000    4    8   6.50000
    1   1.80000   0.00000    4    8   6.50000
    2   1.85000   0.00000    4    8   6.50000
#
# LOCAL POTENTIAL
# lloc, lpopt,  rc(5),   dvloc0
    4    5   1.60000      0.00000
#
# VANDERBILT-KLEINMAN-BYLANDER PROJECTORs
# l, nproj, debl
    0    2   2.03736
    1    2   3.00000
    2    2   3.00000
#
# MODEL CORE CHARGE
# icmod, fcfact, rcfact
    4   5.00000   0.00000
#
# LOG DERIVATIVE ANALYSIS
# epsh1, epsh2, depsh
  -12.00   12.00    0.02
#
# OUTPUT GRID
# rlmax, drl
  6.0000  0.0100
#
# TEST CONFIGURATIONS
# ncnf
    0
# nvcnf
#   n    l    f


Reference configufation results
  iterations    31
  all-electron total energy (Ha)   -3.29455622D+04

Begin loop to  construct optimized pseudo wave functions
and semi-local pseudopoentials for all angular momenta

Calculating optimized projector #   1

 for l=   0

    Constraint consistency test
      pswf0 val/der aewf val/der     diff
        0.40559175    0.40559175   -3.05D-13
       -0.78581428   -0.78581428   -7.77D-16
        1.18211646    1.18211646    3.22D-14
       -0.05284322   -0.05284322    2.98D-13

    Fraction of norm inside rc  0.848189
    Optimizing pswf for qcut=   6.50 a_B^-1,  ecut=  21.10 Ha
    q_infinity defining residual KE= 20.44  (E_inf=  208.9 Ha)
    Residual kinetic energy error=  5.08D-05 Ha
 ERROR pspot:  first pseudo wave function has node,          program will stop
 ERROR pspot: try changing psp parameters for this l
